{"meta": {"format": 3, "version": "7.13.5", "timestamp": "2026-05-01T07:56:29.019292", "branch_coverage": false, "show_contexts": false}, "files": {"analysis/__init__.py": {"executed_lines": [3, 4, 5, 7], "summary": {"covered_lines": 4, "num_statements": 4, "percent_covered": 100.0, "percent_covered_display": "100", "missing_lines": 0, "excluded_lines": 0, "percent_statements_covered": 100.0, "percent_statements_covered_display": "100"}, "missing_lines": [], "excluded_lines": [], "functions": {"": {"executed_lines": [3, 4, 5, 7], "summary": {"covered_lines": 4, "num_statements": 4, "percent_covered": 100.0, "percent_covered_display": "100", "missing_lines": 0, "excluded_lines": 0, "percent_statements_covered": 100.0, "percent_statements_covered_display": "100"}, "missing_lines": [], "excluded_lines": [], "start_line": 1}}, "classes": {"": {"executed_lines": [3, 4, 5, 7], "summary": {"covered_lines": 4, "num_statements": 4, "percent_covered": 100.0, "percent_covered_display": "100", "missing_lines": 0, "excluded_lines": 0, "percent_statements_covered": 100.0, "percent_statements_covered_display": "100"}, "missing_lines": [], "excluded_lines": [], "start_line": 1}}}, "analysis/compare_runs.py": {"executed_lines": [13, 15, 16, 17, 19, 21, 24, 38, 39, 40, 41, 42, 45, 65, 66, 67, 70, 76, 79, 94, 96, 99, 117], "summary": {"covered_lines": 23, "num_statements": 61, "percent_covered": 37.704918032786885, "percent_covered_display": "38", "missing_lines": 38, "excluded_lines": 0, "percent_statements_covered": 37.704918032786885, "percent_statements_covered_display": "38"}, "missing_lines": [68, 95, 101, 102, 103, 104, 105, 106, 107, 108, 109, 110, 112, 113, 114, 118, 119, 120, 121, 122, 124, 125, 126, 128, 134, 135, 140, 141, 142, 143, 144, 145, 146, 147, 149, 150, 151, 152], "excluded_lines": [], "functions": {"load_bench": {"executed_lines": [38, 39, 40, 41, 42], "summary": {"covered_lines": 5, "num_statements": 5, "percent_covered": 100.0, "percent_covered_display": "100", "missing_lines": 0, "excluded_lines": 0, "percent_statements_covered": 100.0, "percent_statements_covered_display": "100"}, "missing_lines": [], "excluded_lines": [], "start_line": 24}, "marginal_by_axis": {"executed_lines": [65, 66, 67, 70, 76], "summary": {"covered_lines": 5, "num_statements": 6, "percent_covered": 83.33333333333333, "percent_covered_display": "83", "missing_lines": 1, "excluded_lines": 0, "percent_statements_covered": 83.33333333333333, "percent_statements_covered_display": "83"}, "missing_lines": [68], "excluded_lines": [], "start_line": 45}, "top_n": {"executed_lines": [94, 96], "summary": {"covered_lines": 2, "num_statements": 3, "percent_covered": 66.66666666666667, "percent_covered_display": "67", "missing_lines": 1, "excluded_lines": 0, "percent_statements_covered": 66.66666666666667, "percent_statements_covered_display": "67"}, "missing_lines": [95], "excluded_lines": [], "start_line": 79}, "_df_to_md": {"executed_lines": [], "summary": {"covered_lines": 0, "num_statements": 13, "percent_covered": 0.0, "percent_covered_display": "0", "missing_lines": 13, "excluded_lines": 0, "percent_statements_covered": 0.0, "percent_statements_covered_display": "0"}, "missing_lines": [101, 102, 103, 104, 105, 106, 107, 108, 109, 110, 112, 113, 114], "excluded_lines": [], "start_line": 99}, "": {"executed_lines": [13, 15, 16, 17, 19, 21, 24, 45, 79, 99, 117], "summary": {"covered_lines": 11, "num_statements": 34, "percent_covered": 32.35294117647059, "percent_covered_display": "32", "missing_lines": 23, "excluded_lines": 0, "percent_statements_covered": 32.35294117647059, "percent_statements_covered_display": "32"}, "missing_lines": [118, 119, 120, 121, 122, 124, 125, 126, 128, 134, 135, 140, 141, 142, 143, 144, 145, 146, 147, 149, 150, 151, 152], "excluded_lines": [], "start_line": 1}}, "classes": {"": {"executed_lines": [13, 15, 16, 17, 19, 21, 24, 38, 39, 40, 41, 42, 45, 65, 66, 67, 70, 76, 79, 94, 96, 99, 117], "summary": {"covered_lines": 23, "num_statements": 61, "percent_covered": 37.704918032786885, "percent_covered_display": "38", "missing_lines": 38, "excluded_lines": 0, "percent_statements_covered": 37.704918032786885, "percent_statements_covered_display": "38"}, "missing_lines": [68, 95, 101, 102, 103, 104, 105, 106, 107, 108, 109, 110, 112, 113, 114, 118, 119, 120, 121, 122, 124, 125, 126, 128, 134, 135, 140, 141, 142, 143, 144, 145, 146, 147, 149, 150, 151, 152], "excluded_lines": [], "start_line": 1}}}, "analysis/fdr_helper.py": {"executed_lines": [6, 8, 9, 12, 41, 42, 44, 45, 46, 47, 49, 50], "summary": {"covered_lines": 12, "num_statements": 13, "percent_covered": 92.3076923076923, "percent_covered_display": "92", "missing_lines": 1, "excluded_lines": 0, "percent_statements_covered": 92.3076923076923, "percent_statements_covered_display": "92"}, "missing_lines": [43], "excluded_lines": [], "functions": {"apply_fdr": {"executed_lines": [41, 42, 44, 45, 46, 47, 49, 50], "summary": {"covered_lines": 8, "num_statements": 9, "percent_covered": 88.88888888888889, "percent_covered_display": "89", "missing_lines": 1, "excluded_lines": 0, "percent_statements_covered": 88.88888888888889, "percent_statements_covered_display": "89"}, "missing_lines": [43], "excluded_lines": [], "start_line": 12}, "": {"executed_lines": [6, 8, 9, 12], "summary": {"covered_lines": 4, "num_statements": 4, "percent_covered": 100.0, "percent_covered_display": "100", "missing_lines": 0, "excluded_lines": 0, "percent_statements_covered": 100.0, "percent_statements_covered_display": "100"}, "missing_lines": [], "excluded_lines": [], "start_line": 1}}, "classes": {"": {"executed_lines": [6, 8, 9, 12, 41, 42, 44, 45, 46, 47, 49, 50], "summary": {"covered_lines": 12, "num_statements": 13, "percent_covered": 92.3076923076923, "percent_covered_display": "92", "missing_lines": 1, "excluded_lines": 0, "percent_statements_covered": 92.3076923076923, "percent_statements_covered_display": "92"}, "missing_lines": [43], "excluded_lines": [], "start_line": 1}}}, "analysis/profile_bench.py": {"executed_lines": [11, 13, 14, 15, 16, 17, 18, 20, 21, 23, 24, 25, 26, 29, 30, 31, 32, 36, 37, 39, 47, 55, 107, 165, 200], "summary": {"covered_lines": 25, "num_statements": 107, "percent_covered": 23.364485981308412, "percent_covered_display": "23", "missing_lines": 82, "excluded_lines": 0, "percent_statements_covered": 23.364485981308412, "percent_statements_covered_display": "23"}, "missing_lines": [48, 49, 57, 58, 60, 63, 64, 65, 66, 67, 68, 69, 71, 72, 73, 74, 76, 79, 82, 83, 84, 85, 86, 89, 90, 91, 94, 95, 96, 102, 103, 104, 127, 128, 130, 132, 134, 135, 136, 137, 139, 140, 143, 144, 145, 146, 147, 149, 150, 153, 154, 155, 156, 157, 159, 160, 162, 172, 173, 174, 175, 176, 177, 178, 179, 180, 181, 182, 183, 184, 185, 193, 194, 195, 196, 197, 201, 202, 203, 204, 205, 207], "excluded_lines": [], "functions": {"_build_y": {"executed_lines": [], "summary": {"covered_lines": 0, "num_statements": 2, "percent_covered": 0.0, "percent_covered_display": "0", "missing_lines": 2, "excluded_lines": 0, "percent_statements_covered": 0.0, "percent_statements_covered_display": "0"}, "missing_lines": [48, 49], "excluded_lines": [], "start_line": 47}, "_bench_subset": {"executed_lines": [], "summary": {"covered_lines": 0, "num_statements": 30, "percent_covered": 0.0, "percent_covered_display": "0", "missing_lines": 30, "excluded_lines": 0, "percent_statements_covered": 0.0, "percent_statements_covered_display": "0"}, "missing_lines": [57, 58, 60, 63, 64, 65, 66, 67, 68, 69, 71, 72, 73, 74, 76, 79, 82, 83, 84, 85, 86, 89, 90, 91, 94, 95, 96, 102, 103, 104], "excluded_lines": [], "start_line": 55}, "profile_and_report": {"executed_lines": [], "summary": {"covered_lines": 0, "num_statements": 25, "percent_covered": 0.0, "percent_covered_display": "0", "missing_lines": 25, "excluded_lines": 0, "percent_statements_covered": 0.0, "percent_statements_covered_display": "0"}, "missing_lines": [127, 128, 130, 132, 134, 135, 136, 137, 139, 140, 143, 144, 145, 146, 147, 149, 150, 153, 154, 155, 156, 157, 159, 160, 162], "excluded_lines": [], "start_line": 107}, "_parse_top_stats": {"executed_lines": [], "summary": {"covered_lines": 0, "num_statements": 19, "percent_covered": 0.0, "percent_covered_display": "0", "missing_lines": 19, "excluded_lines": 0, "percent_statements_covered": 0.0, "percent_statements_covered_display": "0"}, "missing_lines": [172, 173, 174, 175, 176, 177, 178, 179, 180, 181, 182, 183, 184, 185, 193, 194, 195, 196, 197], "excluded_lines": [], "start_line": 165}, "": {"executed_lines": [11, 13, 14, 15, 16, 17, 18, 20, 21, 23, 24, 25, 26, 29, 30, 31, 32, 36, 37, 39, 47, 55, 107, 165, 200], "summary": {"covered_lines": 25, "num_statements": 31, "percent_covered": 80.64516129032258, "percent_covered_display": "81", "missing_lines": 6, "excluded_lines": 0, "percent_statements_covered": 80.64516129032258, "percent_statements_covered_display": "81"}, "missing_lines": [201, 202, 203, 204, 205, 207], "excluded_lines": [], "start_line": 1}}, "classes": {"": {"executed_lines": [11, 13, 14, 15, 16, 17, 18, 20, 21, 23, 24, 25, 26, 29, 30, 31, 32, 36, 37, 39, 47, 55, 107, 165, 200], "summary": {"covered_lines": 25, "num_statements": 107, "percent_covered": 23.364485981308412, "percent_covered_display": "23", "missing_lines": 82, "excluded_lines": 0, "percent_statements_covered": 23.364485981308412, "percent_statements_covered_display": "23"}, "missing_lines": [48, 49, 57, 58, 60, 63, 64, 65, 66, 67, 68, 69, 71, 72, 73, 74, 76, 79, 82, 83, 84, 85, 86, 89, 90, 91, 94, 95, 96, 102, 103, 104, 127, 128, 130, 132, 134, 135, 136, 137, 139, 140, 143, 144, 145, 146, 147, 149, 150, 153, 154, 155, 156, 157, 159, 160, 162, 172, 173, 174, 175, 176, 177, 178, 179, 180, 181, 182, 183, 184, 185, 193, 194, 195, 196, 197, 201, 202, 203, 204, 205, 207], "excluded_lines": [], "start_line": 1}}}, "common/__init__.py": {"executed_lines": [3, 8, 9, 10, 11, 19], "summary": {"covered_lines": 6, "num_statements": 6, "percent_covered": 100.0, "percent_covered_display": "100", "missing_lines": 0, "excluded_lines": 0, "percent_statements_covered": 100.0, "percent_statements_covered_display": "100"}, "missing_lines": [], "excluded_lines": [], "functions": {"": {"executed_lines": [3, 8, 9, 10, 11, 19], "summary": {"covered_lines": 6, "num_statements": 6, "percent_covered": 100.0, "percent_covered_display": "100", "missing_lines": 0, "excluded_lines": 0, "percent_statements_covered": 100.0, "percent_statements_covered_display": "100"}, "missing_lines": [], "excluded_lines": [], "start_line": 1}}, "classes": {"": {"executed_lines": [3, 8, 9, 10, 11, 19], "summary": {"covered_lines": 6, "num_statements": 6, "percent_covered": 100.0, "percent_covered_display": "100", "missing_lines": 0, "excluded_lines": 0, "percent_statements_covered": 100.0, "percent_statements_covered_display": "100"}, "missing_lines": [], "excluded_lines": [], "start_line": 1}}}, "common/broadcast.py": {"executed_lines": [14, 16, 17, 18, 20, 22, 23, 26, 36, 41, 42, 43, 46, 59, 60, 62, 63, 64, 65, 66, 67], "summary": {"covered_lines": 21, "num_statements": 22, "percent_covered": 95.45454545454545, "percent_covered_display": "95", "missing_lines": 1, "excluded_lines": 0, "percent_statements_covered": 95.45454545454545, "percent_statements_covered_display": "95"}, "missing_lines": [61], "excluded_lines": [], "functions": {"emit": {"executed_lines": [36, 41, 42, 43], "summary": {"covered_lines": 4, "num_statements": 4, "percent_covered": 100.0, "percent_covered_display": "100", "missing_lines": 0, "excluded_lines": 0, "percent_statements_covered": 100.0, "percent_statements_covered_display": "100"}, "missing_lines": [], "excluded_lines": [], "start_line": 26}, "read_log": {"executed_lines": [59, 60, 62, 63, 64, 65, 66, 67], "summary": {"covered_lines": 8, "num_statements": 9, "percent_covered": 88.88888888888889, "percent_covered_display": "89", "missing_lines": 1, "excluded_lines": 0, "percent_statements_covered": 88.88888888888889, "percent_statements_covered_display": "89"}, "missing_lines": [61], "excluded_lines": [], "start_line": 46}, "": {"executed_lines": [14, 16, 17, 18, 20, 22, 23, 26, 46], "summary": {"covered_lines": 9, "num_statements": 9, "percent_covered": 100.0, "percent_covered_display": "100", "missing_lines": 0, "excluded_lines": 0, "percent_statements_covered": 100.0, "percent_statements_covered_display": "100"}, "missing_lines": [], "excluded_lines": [], "start_line": 1}}, "classes": {"": {"executed_lines": [14, 16, 17, 18, 20, 22, 23, 26, 36, 41, 42, 43, 46, 59, 60, 62, 63, 64, 65, 66, 67], "summary": {"covered_lines": 21, "num_statements": 22, "percent_covered": 95.45454545454545, "percent_covered_display": "95", "missing_lines": 1, "excluded_lines": 0, "percent_statements_covered": 95.45454545454545, "percent_statements_covered_display": "95"}, "missing_lines": [61], "excluded_lines": [], "start_line": 1}}}, "common/config_validator.py": {"executed_lines": [], "summary": {"covered_lines": 0, "num_statements": 20, "percent_covered": 0.0, "percent_covered_display": "0", "missing_lines": 20, "excluded_lines": 0, "percent_statements_covered": 0.0, "percent_statements_covered_display": "0"}, "missing_lines": [19, 21, 22, 23, 25, 27, 29, 47, 49, 50, 53, 68, 69, 70, 72, 73, 74, 75, 76, 77], "excluded_lines": [], "functions": {"_extract_config_dict": {"executed_lines": [], "summary": {"covered_lines": 0, "num_statements": 2, "percent_covered": 0.0, "percent_covered_display": "0", "missing_lines": 2, "excluded_lines": 0, "percent_statements_covered": 0.0, "percent_statements_covered_display": "0"}, "missing_lines": [49, 50], "excluded_lines": [], "start_line": 47}, "validate_config": {"executed_lines": [], "summary": {"covered_lines": 0, "num_statements": 9, "percent_covered": 0.0, "percent_covered_display": "0", "missing_lines": 9, "excluded_lines": 0, "percent_statements_covered": 0.0, "percent_statements_covered_display": "0"}, "missing_lines": [68, 69, 70, 72, 73, 74, 75, 76, 77], "excluded_lines": [], "start_line": 53}, "": {"executed_lines": [], "summary": {"covered_lines": 0, "num_statements": 9, "percent_covered": 0.0, "percent_covered_display": "0", "missing_lines": 9, "excluded_lines": 0, "percent_statements_covered": 0.0, "percent_statements_covered_display": "0"}, "missing_lines": [19, 21, 22, 23, 25, 27, 29, 47, 53], "excluded_lines": [], "start_line": 1}}, "classes": {"": {"executed_lines": [], "summary": {"covered_lines": 0, "num_statements": 20, "percent_covered": 0.0, "percent_covered_display": "0", "missing_lines": 20, "excluded_lines": 0, "percent_statements_covered": 0.0, "percent_statements_covered_display": "0"}, "missing_lines": [19, 21, 22, 23, 25, 27, 29, 47, 49, 50, 53, 68, 69, 70, 72, 73, 74, 75, 76, 77], "excluded_lines": [], "start_line": 1}}}, "common/dispatcher_base.py": {"executed_lines": [14, 16, 19, 20, 28, 32, 37, 60, 61, 62, 65, 73, 74, 76, 77, 79], "summary": {"covered_lines": 16, "num_statements": 17, "percent_covered": 94.11764705882354, "percent_covered_display": "94", "missing_lines": 1, "excluded_lines": 5, "percent_statements_covered": 94.11764705882354, "percent_statements_covered_display": "94"}, "missing_lines": [80], "excluded_lines": [30, 31, 34, 35, 36], "functions": {"DispatcherProtocol.validate_key": {"executed_lines": [], "summary": {"covered_lines": 0, "num_statements": 0, "percent_covered": 100.0, "percent_covered_display": "100", "missing_lines": 0, "excluded_lines": 1, "percent_statements_covered": 100.0, "percent_statements_covered_display": "100"}, "missing_lines": [], "excluded_lines": [30], "start_line": 28}, "DispatcherProtocol.execute": {"executed_lines": [], "summary": {"covered_lines": 0, "num_statements": 0, "percent_covered": 100.0, "percent_covered_display": "100", "missing_lines": 0, "excluded_lines": 1, "percent_statements_covered": 100.0, "percent_statements_covered_display": "100"}, "missing_lines": [], "excluded_lines": [34], "start_line": 32}, "validate_dispatch_key": {"executed_lines": [60, 61, 62], "summary": {"covered_lines": 3, "num_statements": 3, "percent_covered": 100.0, "percent_covered_display": "100", "missing_lines": 0, "excluded_lines": 0, "percent_statements_covered": 100.0, "percent_statements_covered_display": "100"}, "missing_lines": [], "excluded_lines": [], "start_line": 37}, "BaseDispatcher.validate_key": {"executed_lines": [77], "summary": {"covered_lines": 1, "num_statements": 1, "percent_covered": 100.0, "percent_covered_display": "100", "missing_lines": 0, "excluded_lines": 0, "percent_statements_covered": 100.0, "percent_statements_covered_display": "100"}, "missing_lines": [], "excluded_lines": [], "start_line": 76}, "BaseDispatcher.execute": {"executed_lines": [], "summary": {"covered_lines": 0, "num_statements": 1, "percent_covered": 0.0, "percent_covered_display": "0", "missing_lines": 1, "excluded_lines": 0, "percent_statements_covered": 0.0, "percent_statements_covered_display": "0"}, "missing_lines": [80], "excluded_lines": [], "start_line": 79}, "": {"executed_lines": [14, 16, 19, 20, 28, 32, 37, 65, 73, 74, 76, 79], "summary": {"covered_lines": 12, "num_statements": 12, "percent_covered": 100.0, "percent_covered_display": "100", "missing_lines": 0, "excluded_lines": 3, "percent_statements_covered": 100.0, "percent_statements_covered_display": "100"}, "missing_lines": [], "excluded_lines": [31, 35, 36], "start_line": 1}}, "classes": {"DispatcherProtocol": {"executed_lines": [], "summary": {"covered_lines": 0, "num_statements": 0, "percent_covered": 100.0, "percent_covered_display": "100", "missing_lines": 0, "excluded_lines": 2, "percent_statements_covered": 100.0, "percent_statements_covered_display": "100"}, "missing_lines": [], "excluded_lines": [30, 34], "start_line": 20}, "BaseDispatcher": {"executed_lines": [77], "summary": {"covered_lines": 1, "num_statements": 2, "percent_covered": 50.0, "percent_covered_display": "50", "missing_lines": 1, "excluded_lines": 0, "percent_statements_covered": 50.0, "percent_statements_covered_display": "50"}, "missing_lines": [80], "excluded_lines": [], "start_line": 65}, "": {"executed_lines": [14, 16, 19, 20, 28, 32, 37, 60, 61, 62, 65, 73, 74, 76, 79], "summary": {"covered_lines": 15, "num_statements": 15, "percent_covered": 100.0, "percent_covered_display": "100", "missing_lines": 0, "excluded_lines": 3, "percent_statements_covered": 100.0, "percent_statements_covered_display": "100"}, "missing_lines": [], "excluded_lines": [31, 35, 36], "start_line": 1}}}, "common/hb_lib.py": {"executed_lines": [7, 9, 10, 11, 12, 15, 25, 26, 27, 28, 29, 30, 31, 41, 43, 44, 45, 46], "summary": {"covered_lines": 18, "num_statements": 25, "percent_covered": 72.0, "percent_covered_display": "72", "missing_lines": 7, "excluded_lines": 0, "percent_statements_covered": 72.0, "percent_statements_covered_display": "72"}, "missing_lines": [32, 33, 34, 35, 36, 37, 38], "excluded_lines": [], "functions": {"write_heartbeat": {"executed_lines": [25, 26, 27, 28, 29, 30, 31], "summary": {"covered_lines": 7, "num_statements": 14, "percent_covered": 50.0, "percent_covered_display": "50", "missing_lines": 7, "excluded_lines": 0, "percent_statements_covered": 50.0, "percent_statements_covered_display": "50"}, "missing_lines": [32, 33, 34, 35, 36, 37, 38], "excluded_lines": [], "start_line": 15}, "read_heartbeat": {"executed_lines": [43, 44, 45, 46], "summary": {"covered_lines": 4, "num_statements": 4, "percent_covered": 100.0, "percent_covered_display": "100", "missing_lines": 0, "excluded_lines": 0, "percent_statements_covered": 100.0, "percent_statements_covered_display": "100"}, "missing_lines": [], "excluded_lines": [], "start_line": 41}, "": {"executed_lines": [7, 9, 10, 11, 12, 15, 41], "summary": {"covered_lines": 7, "num_statements": 7, "percent_covered": 100.0, "percent_covered_display": "100", "missing_lines": 0, "excluded_lines": 0, "percent_statements_covered": 100.0, "percent_statements_covered_display": "100"}, "missing_lines": [], "excluded_lines": [], "start_line": 1}}, "classes": {"": {"executed_lines": [7, 9, 10, 11, 12, 15, 25, 26, 27, 28, 29, 30, 31, 41, 43, 44, 45, 46], "summary": {"covered_lines": 18, "num_statements": 25, "percent_covered": 72.0, "percent_covered_display": "72", "missing_lines": 7, "excluded_lines": 0, "percent_statements_covered": 72.0, "percent_statements_covered_display": "72"}, "missing_lines": [32, 33, 34, 35, 36, 37, 38], "excluded_lines": [], "start_line": 1}}}, "common/paths.py": {"executed_lines": [10, 12, 13, 15, 17, 24, 31], "summary": {"covered_lines": 7, "num_statements": 7, "percent_covered": 100.0, "percent_covered_display": "100", "missing_lines": 0, "excluded_lines": 0, "percent_statements_covered": 100.0, "percent_statements_covered_display": "100"}, "missing_lines": [], "excluded_lines": [], "functions": {"": {"executed_lines": [10, 12, 13, 15, 17, 24, 31], "summary": {"covered_lines": 7, "num_statements": 7, "percent_covered": 100.0, "percent_covered_display": "100", "missing_lines": 0, "excluded_lines": 0, "percent_statements_covered": 100.0, "percent_statements_covered_display": "100"}, "missing_lines": [], "excluded_lines": [], "start_line": 1}}, "classes": {"": {"executed_lines": [10, 12, 13, 15, 17, 24, 31], "summary": {"covered_lines": 7, "num_statements": 7, "percent_covered": 100.0, "percent_covered_display": "100", "missing_lines": 0, "excluded_lines": 0, "percent_statements_covered": 100.0, "percent_statements_covered_display": "100"}, "missing_lines": [], "excluded_lines": [], "start_line": 1}}}, "common/queue_lib.py": {"executed_lines": [3, 5, 6, 7, 8, 9, 10, 13, 14, 16, 17, 18, 19, 21, 22, 25, 27, 28, 31, 33, 34, 35, 36, 37, 38, 39, 41, 42, 43, 44, 45, 46], "summary": {"covered_lines": 32, "num_statements": 33, "percent_covered": 96.96969696969697, "percent_covered_display": "97", "missing_lines": 1, "excluded_lines": 0, "percent_statements_covered": 96.96969696969697, "percent_statements_covered_display": "97"}, "missing_lines": [40], "excluded_lines": [], "functions": {"queue_lock": {"executed_lines": [16, 17, 18, 19, 21, 22], "summary": {"covered_lines": 6, "num_statements": 6, "percent_covered": 100.0, "percent_covered_display": "100", "missing_lines": 0, "excluded_lines": 0, "percent_statements_covered": 100.0, "percent_statements_covered_display": "100"}, "missing_lines": [], "excluded_lines": [], "start_line": 14}, "append_sprint": {"executed_lines": [27, 28], "summary": {"covered_lines": 2, "num_statements": 2, "percent_covered": 100.0, "percent_covered_display": "100", "missing_lines": 0, "excluded_lines": 0, "percent_statements_covered": 100.0, "percent_statements_covered_display": "100"}, "missing_lines": [], "excluded_lines": [], "start_line": 25}, "update_status": {"executed_lines": [33, 34, 35, 36, 37, 38, 39, 41, 42, 43, 44, 45, 46], "summary": {"covered_lines": 13, "num_statements": 14, "percent_covered": 92.85714285714286, "percent_covered_display": "93", "missing_lines": 1, "excluded_lines": 0, "percent_statements_covered": 92.85714285714286, "percent_statements_covered_display": "93"}, "missing_lines": [40], "excluded_lines": [], "start_line": 31}, "": {"executed_lines": [3, 5, 6, 7, 8, 9, 10, 13, 14, 25, 31], "summary": {"covered_lines": 11, "num_statements": 11, "percent_covered": 100.0, "percent_covered_display": "100", "missing_lines": 0, "excluded_lines": 0, "percent_statements_covered": 100.0, "percent_statements_covered_display": "100"}, "missing_lines": [], "excluded_lines": [], "start_line": 1}}, "classes": {"": {"executed_lines": [3, 5, 6, 7, 8, 9, 10, 13, 14, 16, 17, 18, 19, 21, 22, 25, 27, 28, 31, 33, 34, 35, 36, 37, 38, 39, 41, 42, 43, 44, 45, 46], "summary": {"covered_lines": 32, "num_statements": 33, "percent_covered": 96.96969696969697, "percent_covered_display": "97", "missing_lines": 1, "excluded_lines": 0, "percent_statements_covered": 96.96969696969697, "percent_statements_covered_display": "97"}, "missing_lines": [40], "excluded_lines": [], "start_line": 1}}}, "common/state_lib.py": {"executed_lines": [14, 16, 17, 18, 19, 20, 21, 26, 27, 28, 29, 30, 31, 34, 35, 37, 40, 47, 48, 50, 52, 58, 59, 64, 69, 70, 71, 72, 73, 74, 75, 76, 77, 82, 83, 86, 87, 88, 89, 90, 91, 96, 97, 103, 104, 109, 110, 112, 113, 114, 115, 116, 117, 120, 123, 124, 132, 138, 139, 141, 142, 144, 145, 146, 147, 149, 150, 157, 158, 161, 167, 168, 170, 171, 173, 174, 175, 176, 178, 179, 180, 181, 184, 186, 187, 190, 198, 199, 200, 201, 202, 203], "summary": {"covered_lines": 92, "num_statements": 101, "percent_covered": 91.08910891089108, "percent_covered_display": "91", "missing_lines": 9, "excluded_lines": 0, "percent_statements_covered": 91.08910891089108, "percent_statements_covered_display": "91"}, "missing_lines": [49, 51, 92, 93, 111, 118, 119, 140, 169], "excluded_lines": [], "functions": {"register_migration": {"executed_lines": [47, 59], "summary": {"covered_lines": 2, "num_statements": 2, "percent_covered": 100.0, "percent_covered_display": "100", "missing_lines": 0, "excluded_lines": 0, "percent_statements_covered": 100.0, "percent_statements_covered_display": "100"}, "missing_lines": [], "excluded_lines": [], "start_line": 40}, "register_migration.decorator": {"executed_lines": [48, 50, 52, 58], "summary": {"covered_lines": 4, "num_statements": 6, "percent_covered": 66.66666666666667, "percent_covered_display": "67", "missing_lines": 2, "excluded_lines": 0, "percent_statements_covered": 66.66666666666667, "percent_statements_covered_display": "67"}, "missing_lines": [49, 51], "excluded_lines": [], "start_line": 47}, "_load_migration_modules": {"executed_lines": [69, 70, 71, 72, 73, 74, 75, 76, 77], "summary": {"covered_lines": 9, "num_statements": 9, "percent_covered": 100.0, "percent_covered_display": "100", "missing_lines": 0, "excluded_lines": 0, "percent_statements_covered": 100.0, "percent_statements_covered_display": "100"}, "missing_lines": [], "excluded_lines": [], "start_line": 64}, "_state_path": {"executed_lines": [83], "summary": {"covered_lines": 1, "num_statements": 1, "percent_covered": 100.0, "percent_covered_display": "100", "missing_lines": 0, "excluded_lines": 0, "percent_statements_covered": 100.0, "percent_statements_covered_display": "100"}, "missing_lines": [], "excluded_lines": [], "start_line": 82}, "_load_state": {"executed_lines": [87, 88, 89, 90, 91], "summary": {"covered_lines": 5, "num_statements": 7, "percent_covered": 71.42857142857143, "percent_covered_display": "71", "missing_lines": 2, "excluded_lines": 0, "percent_statements_covered": 71.42857142857143, "percent_statements_covered_display": "71"}, "missing_lines": [92, 93], "excluded_lines": [], "start_line": 86}, "_save_state": {"executed_lines": [97], "summary": {"covered_lines": 1, "num_statements": 1, "percent_covered": 100.0, "percent_covered_display": "100", "missing_lines": 0, "excluded_lines": 0, "percent_statements_covered": 100.0, "percent_statements_covered_display": "100"}, "missing_lines": [], "excluded_lines": [], "start_line": 96}, "_is_applied": {"executed_lines": [104], "summary": {"covered_lines": 1, "num_statements": 1, "percent_covered": 100.0, "percent_covered_display": "100", "missing_lines": 0, "excluded_lines": 0, "percent_statements_covered": 100.0, "percent_statements_covered_display": "100"}, "missing_lines": [], "excluded_lines": [], "start_line": 103}, "_read_records": {"executed_lines": [110, 112, 113, 114, 115, 116, 117, 120], "summary": {"covered_lines": 8, "num_statements": 11, "percent_covered": 72.72727272727273, "percent_covered_display": "73", "missing_lines": 3, "excluded_lines": 0, "percent_statements_covered": 72.72727272727273, "percent_statements_covered_display": "73"}, "missing_lines": [111, 118, 119], "excluded_lines": [], "start_line": 109}, "_write_records": {"executed_lines": [124], "summary": {"covered_lines": 1, "num_statements": 1, "percent_covered": 100.0, "percent_covered_display": "100", "missing_lines": 0, "excluded_lines": 0, "percent_statements_covered": 100.0, "percent_statements_covered_display": "100"}, "missing_lines": [], "excluded_lines": [], "start_line": 123}, "apply_migration": {"executed_lines": [138, 139, 141, 142, 144, 145, 146, 147, 149, 150, 157, 158], "summary": {"covered_lines": 12, "num_statements": 13, "percent_covered": 92.3076923076923, "percent_covered_display": "92", "missing_lines": 1, "excluded_lines": 0, "percent_statements_covered": 92.3076923076923, "percent_statements_covered_display": "92"}, "missing_lines": [140], "excluded_lines": [], "start_line": 132}, "rollback_migration": {"executed_lines": [167, 168, 170, 171, 173, 174, 175, 176, 178, 179, 180, 181], "summary": {"covered_lines": 12, "num_statements": 13, "percent_covered": 92.3076923076923, "percent_covered_display": "92", "missing_lines": 1, "excluded_lines": 0, "percent_statements_covered": 92.3076923076923, "percent_statements_covered_display": "92"}, "missing_lines": [169], "excluded_lines": [], "start_line": 161}, "load_schema_version": {"executed_lines": [186, 187], "summary": {"covered_lines": 2, "num_statements": 2, "percent_covered": 100.0, "percent_covered_display": "100", "missing_lines": 0, "excluded_lines": 0, "percent_statements_covered": 100.0, "percent_statements_covered_display": "100"}, "missing_lines": [], "excluded_lines": [], "start_line": 184}, "migrate_on_load": {"executed_lines": [198, 199, 200, 201, 202, 203], "summary": {"covered_lines": 6, "num_statements": 6, "percent_covered": 100.0, "percent_covered_display": "100", "missing_lines": 0, "excluded_lines": 0, "percent_statements_covered": 100.0, "percent_statements_covered_display": "100"}, "missing_lines": [], "excluded_lines": [], "start_line": 190}, "": {"executed_lines": [14, 16, 17, 18, 19, 20, 21, 26, 27, 28, 29, 30, 31, 34, 35, 37, 40, 64, 82, 86, 96, 103, 109, 123, 132, 161, 184, 190], "summary": {"covered_lines": 28, "num_statements": 28, "percent_covered": 100.0, "percent_covered_display": "100", "missing_lines": 0, "excluded_lines": 0, "percent_statements_covered": 100.0, "percent_statements_covered_display": "100"}, "missing_lines": [], "excluded_lines": [], "start_line": 1}}, "classes": {"_MigrationEntry": {"executed_lines": [], "summary": {"covered_lines": 0, "num_statements": 0, "percent_covered": 100.0, "percent_covered_display": "100", "missing_lines": 0, "excluded_lines": 0, "percent_statements_covered": 100.0, "percent_statements_covered_display": "100"}, "missing_lines": [], "excluded_lines": [], "start_line": 27}, "": {"executed_lines": [14, 16, 17, 18, 19, 20, 21, 26, 27, 28, 29, 30, 31, 34, 35, 37, 40, 47, 48, 50, 52, 58, 59, 64, 69, 70, 71, 72, 73, 74, 75, 76, 77, 82, 83, 86, 87, 88, 89, 90, 91, 96, 97, 103, 104, 109, 110, 112, 113, 114, 115, 116, 117, 120, 123, 124, 132, 138, 139, 141, 142, 144, 145, 146, 147, 149, 150, 157, 158, 161, 167, 168, 170, 171, 173, 174, 175, 176, 178, 179, 180, 181, 184, 186, 187, 190, 198, 199, 200, 201, 202, 203], "summary": {"covered_lines": 92, "num_statements": 101, "percent_covered": 91.08910891089108, "percent_covered_display": "91", "missing_lines": 9, "excluded_lines": 0, "percent_statements_covered": 91.08910891089108, "percent_statements_covered_display": "91"}, "missing_lines": [49, 51, 92, 93, 111, 118, 119, 140, 169], "excluded_lines": [], "start_line": 1}}}, "connectivity/__init__.py": {"executed_lines": [3, 9, 11], "summary": {"covered_lines": 3, "num_statements": 3, "percent_covered": 100.0, "percent_covered_display": "100", "missing_lines": 0, "excluded_lines": 0, "percent_statements_covered": 100.0, "percent_statements_covered_display": "100"}, "missing_lines": [], "excluded_lines": [], "functions": {"": {"executed_lines": [3, 9, 11], "summary": {"covered_lines": 3, "num_statements": 3, "percent_covered": 100.0, "percent_covered_display": "100", "missing_lines": 0, "excluded_lines": 0, "percent_statements_covered": 100.0, "percent_statements_covered_display": "100"}, "missing_lines": [], "excluded_lines": [], "start_line": 1}}, "classes": {"": {"executed_lines": [3, 9, 11], "summary": {"covered_lines": 3, "num_statements": 3, "percent_covered": 100.0, "percent_covered_display": "100", "missing_lines": 0, "excluded_lines": 0, "percent_statements_covered": 100.0, "percent_statements_covered_display": "100"}, "missing_lines": [], "excluded_lines": [], "start_line": 1}}}, "connectivity/fc_dispatcher.py": {"executed_lines": [25, 27, 28, 29, 31, 32, 34, 36, 37, 39, 48, 71, 72, 73, 76, 78, 79, 80, 81, 82, 92, 93, 94, 107, 108, 113, 114, 115, 118, 130, 131, 132, 139], "summary": {"covered_lines": 33, "num_statements": 40, "percent_covered": 82.5, "percent_covered_display": "82", "missing_lines": 7, "excluded_lines": 0, "percent_statements_covered": 82.5, "percent_statements_covered_display": "82"}, "missing_lines": [141, 142, 143, 144, 145, 146, 147], "excluded_lines": [], "functions": {"compute_fc": {"executed_lines": [71, 72, 73, 76, 78, 79, 80, 81, 82, 92, 93, 94, 107, 108, 113, 114, 115], "summary": {"covered_lines": 17, "num_statements": 17, "percent_covered": 100.0, "percent_covered_display": "100", "missing_lines": 0, "excluded_lines": 0, "percent_statements_covered": 100.0, "percent_statements_covered_display": "100"}, "missing_lines": [], "excluded_lines": [], "start_line": 48}, "save_fc": {"executed_lines": [130, 131, 132], "summary": {"covered_lines": 3, "num_statements": 3, "percent_covered": 100.0, "percent_covered_display": "100", "missing_lines": 0, "excluded_lines": 0, "percent_statements_covered": 100.0, "percent_statements_covered_display": "100"}, "missing_lines": [], "excluded_lines": [], "start_line": 118}, "": {"executed_lines": [25, 27, 28, 29, 31, 32, 34, 36, 37, 39, 48, 118, 139], "summary": {"covered_lines": 13, "num_statements": 20, "percent_covered": 65.0, "percent_covered_display": "65", "missing_lines": 7, "excluded_lines": 0, "percent_statements_covered": 65.0, "percent_statements_covered_display": "65"}, "missing_lines": [141, 142, 143, 144, 145, 146, 147], "excluded_lines": [], "start_line": 1}}, "classes": {"": {"executed_lines": [25, 27, 28, 29, 31, 32, 34, 36, 37, 39, 48, 71, 72, 73, 76, 78, 79, 80, 81, 82, 92, 93, 94, 107, 108, 113, 114, 115, 118, 130, 131, 132, 139], "summary": {"covered_lines": 33, "num_statements": 40, "percent_covered": 82.5, "percent_covered_display": "82", "missing_lines": 7, "excluded_lines": 0, "percent_statements_covered": 82.5, "percent_statements_covered_display": "82"}, "missing_lines": [141, 142, 143, 144, 145, 146, 147], "excluded_lines": [], "start_line": 1}}}, "connectivity/run_fc_on_epochs.py": {"executed_lines": [21, 23, 24, 26, 27, 29, 30, 33, 83, 167], "summary": {"covered_lines": 10, "num_statements": 45, "percent_covered": 22.22222222222222, "percent_covered_display": "22", "missing_lines": 35, "excluded_lines": 0, "percent_statements_covered": 22.22222222222222, "percent_statements_covered_display": "22"}, "missing_lines": [64, 65, 66, 68, 69, 70, 77, 78, 80, 132, 133, 134, 137, 139, 140, 142, 150, 152, 160, 161, 163, 164, 168, 169, 170, 171, 172, 177, 182, 183, 184, 185, 186, 187, 189], "excluded_lines": [], "functions": {"epochs_to_label_tc": {"executed_lines": [], "summary": {"covered_lines": 0, "num_statements": 9, "percent_covered": 0.0, "percent_covered_display": "0", "missing_lines": 9, "excluded_lines": 0, "percent_statements_covered": 0.0, "percent_statements_covered_display": "0"}, "missing_lines": [64, 65, 66, 68, 69, 70, 77, 78, 80], "excluded_lines": [], "start_line": 33}, "run": {"executed_lines": [], "summary": {"covered_lines": 0, "num_statements": 13, "percent_covered": 0.0, "percent_covered_display": "0", "missing_lines": 13, "excluded_lines": 0, "percent_statements_covered": 0.0, "percent_statements_covered_display": "0"}, "missing_lines": [132, 133, 134, 137, 139, 140, 142, 150, 152, 160, 161, 163, 164], "excluded_lines": [], "start_line": 83}, "": {"executed_lines": [21, 23, 24, 26, 27, 29, 30, 33, 83, 167], "summary": {"covered_lines": 10, "num_statements": 23, "percent_covered": 43.47826086956522, "percent_covered_display": "43", "missing_lines": 13, "excluded_lines": 0, "percent_statements_covered": 43.47826086956522, "percent_statements_covered_display": "43"}, "missing_lines": [168, 169, 170, 171, 172, 177, 182, 183, 184, 185, 186, 187, 189], "excluded_lines": [], "start_line": 1}}, "classes": {"": {"executed_lines": [21, 23, 24, 26, 27, 29, 30, 33, 83, 167], "summary": {"covered_lines": 10, "num_statements": 45, "percent_covered": 22.22222222222222, "percent_covered_display": "22", "missing_lines": 35, "excluded_lines": 0, "percent_statements_covered": 22.22222222222222, "percent_statements_covered_display": "22"}, "missing_lines": [64, 65, 66, 68, 69, 70, 77, 78, 80, 132, 133, 134, 137, 139, 140, 142, 150, 152, 160, 161, 163, 164, 168, 169, 170, 171, 172, 177, 182, 183, 184, 185, 186, 187, 189], "excluded_lines": [], "start_line": 1}}}, "dashboard/__init__.py": {"executed_lines": [3, 5], "summary": {"covered_lines": 2, "num_statements": 2, "percent_covered": 100.0, "percent_covered_display": "100", "missing_lines": 0, "excluded_lines": 0, "percent_statements_covered": 100.0, "percent_statements_covered_display": "100"}, "missing_lines": [], "excluded_lines": [], "functions": {"": {"executed_lines": [3, 5], "summary": {"covered_lines": 2, "num_statements": 2, "percent_covered": 100.0, "percent_covered_display": "100", "missing_lines": 0, "excluded_lines": 0, "percent_statements_covered": 100.0, "percent_statements_covered_display": "100"}, "missing_lines": [], "excluded_lines": [], "start_line": 1}}, "classes": {"": {"executed_lines": [3, 5], "summary": {"covered_lines": 2, "num_statements": 2, "percent_covered": 100.0, "percent_covered_display": "100", "missing_lines": 0, "excluded_lines": 0, "percent_statements_covered": 100.0, "percent_statements_covered_display": "100"}, "missing_lines": [], "excluded_lines": [], "start_line": 1}}}, "dashboard/plot_top_features.py": {"executed_lines": [14, 16, 17, 18, 19, 22, 24, 25, 28, 29, 30, 33, 61, 62, 64, 65, 66, 67, 69, 70, 71, 72, 73, 74, 75, 76, 77, 80, 81, 90, 91, 92, 93, 96, 125, 126, 128, 129, 130, 134, 135, 136, 137, 138, 139, 140, 141, 142, 144, 145, 146, 147, 150, 151, 154, 155, 156, 157, 158, 166, 167, 168, 169, 170, 171, 174, 225], "summary": {"covered_lines": 67, "num_statements": 119, "percent_covered": 56.30252100840336, "percent_covered_display": "56", "missing_lines": 52, "excluded_lines": 0, "percent_statements_covered": 56.30252100840336, "percent_statements_covered_display": "56"}, "missing_lines": [131, 160, 161, 162, 163, 164, 185, 186, 188, 190, 191, 192, 193, 194, 195, 196, 197, 198, 199, 200, 201, 202, 205, 206, 207, 208, 209, 210, 211, 212, 213, 215, 216, 217, 218, 219, 220, 222, 226, 227, 229, 230, 231, 232, 233, 235, 236, 238, 240, 245, 247, 252], "excluded_lines": [], "functions": {"plot_top_roi": {"executed_lines": [61, 62, 64, 65, 66, 67, 69, 70, 71, 72, 73, 74, 75, 76, 77, 80, 81, 90, 91, 92, 93], "summary": {"covered_lines": 21, "num_statements": 21, "percent_covered": 100.0, "percent_covered_display": "100", "missing_lines": 0, "excluded_lines": 0, "percent_statements_covered": 100.0, "percent_statements_covered_display": "100"}, "missing_lines": [], "excluded_lines": [], "start_line": 33}, "plot_top_edges": {"executed_lines": [125, 126, 128, 129, 130, 134, 135, 136, 137, 138, 139, 140, 141, 142, 144, 145, 146, 147, 150, 151, 154, 155, 156, 157, 158, 166, 167, 168, 169, 170, 171], "summary": {"covered_lines": 31, "num_statements": 37, "percent_covered": 83.78378378378379, "percent_covered_display": "84", "missing_lines": 6, "excluded_lines": 0, "percent_statements_covered": 83.78378378378379, "percent_statements_covered_display": "84"}, "missing_lines": [131, 160, 161, 162, 163, 164], "excluded_lines": [], "start_line": 96}, "_load_bench_results": {"executed_lines": [], "summary": {"covered_lines": 0, "num_statements": 32, "percent_covered": 0.0, "percent_covered_display": "0", "missing_lines": 32, "excluded_lines": 0, "percent_statements_covered": 0.0, "percent_statements_covered_display": "0"}, "missing_lines": [185, 186, 188, 190, 191, 192, 193, 194, 195, 196, 197, 198, 199, 200, 201, 202, 205, 206, 207, 208, 209, 210, 211, 212, 213, 215, 216, 217, 218, 219, 220, 222], "excluded_lines": [], "start_line": 174}, "": {"executed_lines": [14, 16, 17, 18, 19, 22, 24, 25, 28, 29, 30, 33, 96, 174, 225], "summary": {"covered_lines": 15, "num_statements": 29, "percent_covered": 51.724137931034484, "percent_covered_display": "52", "missing_lines": 14, "excluded_lines": 0, "percent_statements_covered": 51.724137931034484, "percent_statements_covered_display": "52"}, "missing_lines": [226, 227, 229, 230, 231, 232, 233, 235, 236, 238, 240, 245, 247, 252], "excluded_lines": [], "start_line": 1}}, "classes": {"": {"executed_lines": [14, 16, 17, 18, 19, 22, 24, 25, 28, 29, 30, 33, 61, 62, 64, 65, 66, 67, 69, 70, 71, 72, 73, 74, 75, 76, 77, 80, 81, 90, 91, 92, 93, 96, 125, 126, 128, 129, 130, 134, 135, 136, 137, 138, 139, 140, 141, 142, 144, 145, 146, 147, 150, 151, 154, 155, 156, 157, 158, 166, 167, 168, 169, 170, 171, 174, 225], "summary": {"covered_lines": 67, "num_statements": 119, "percent_covered": 56.30252100840336, "percent_covered_display": "56", "missing_lines": 52, "excluded_lines": 0, "percent_statements_covered": 56.30252100840336, "percent_statements_covered_display": "56"}, "missing_lines": [131, 160, 161, 162, 163, 164, 185, 186, 188, 190, 191, 192, 193, 194, 195, 196, 197, 198, 199, 200, 201, 202, 205, 206, 207, 208, 209, 210, 211, 212, 213, 215, 216, 217, 218, 219, 220, 222, 226, 227, 229, 230, 231, 232, 233, 235, 236, 238, 240, 245, 247, 252], "excluded_lines": [], "start_line": 1}}}, "features/__init__.py": {"executed_lines": [3, 9], "summary": {"covered_lines": 2, "num_statements": 2, "percent_covered": 100.0, "percent_covered_display": "100", "missing_lines": 0, "excluded_lines": 0, "percent_statements_covered": 100.0, "percent_statements_covered_display": "100"}, "missing_lines": [], "excluded_lines": [], "functions": {"": {"executed_lines": [3, 9], "summary": {"covered_lines": 2, "num_statements": 2, "percent_covered": 100.0, "percent_covered_display": "100", "missing_lines": 0, "excluded_lines": 0, "percent_statements_covered": 100.0, "percent_statements_covered_display": "100"}, "missing_lines": [], "excluded_lines": [], "start_line": 1}}, "classes": {"": {"executed_lines": [3, 9], "summary": {"covered_lines": 2, "num_statements": 2, "percent_covered": 100.0, "percent_covered_display": "100", "missing_lines": 0, "excluded_lines": 0, "percent_statements_covered": 100.0, "percent_statements_covered_display": "100"}, "missing_lines": [], "excluded_lines": [], "start_line": 1}}}, "features/dispatcher.py": {"executed_lines": [19, 21, 23, 24, 28, 30, 41, 62, 63, 64, 66, 67, 68, 71, 73, 74, 75, 78, 79, 80, 84, 87, 115, 116, 120, 121, 122, 124, 125, 127, 128, 131, 132, 133, 134, 135, 136, 137, 139, 142, 158, 159, 161, 162, 163, 164, 165, 167, 170, 207, 208, 209, 210, 212, 213, 214, 216, 217, 224, 225, 227, 228, 230, 231, 233], "summary": {"covered_lines": 65, "num_statements": 68, "percent_covered": 95.58823529411765, "percent_covered_display": "96", "missing_lines": 3, "excluded_lines": 0, "percent_statements_covered": 95.58823529411765, "percent_statements_covered_display": "96"}, "missing_lines": [69, 70, 129], "excluded_lines": [], "functions": {"_apply_uni_epoch": {"executed_lines": [62, 63, 64, 66, 67, 68, 71, 73, 74, 75, 78, 79, 80, 84], "summary": {"covered_lines": 14, "num_statements": 16, "percent_covered": 87.5, "percent_covered_display": "88", "missing_lines": 2, "excluded_lines": 0, "percent_statements_covered": 87.5, "percent_statements_covered_display": "88"}, "missing_lines": [69, 70], "excluded_lines": [], "start_line": 41}, "extract_univariate": {"executed_lines": [115, 116, 120, 121, 122, 124, 127, 128, 131, 132, 133, 134, 135, 136, 137, 139], "summary": {"covered_lines": 16, "num_statements": 17, "percent_covered": 94.11764705882354, "percent_covered_display": "94", "missing_lines": 1, "excluded_lines": 0, "percent_statements_covered": 94.11764705882354, "percent_statements_covered_display": "94"}, "missing_lines": [129], "excluded_lines": [], "start_line": 87}, "extract_univariate._pow": {"executed_lines": [125], "summary": {"covered_lines": 1, "num_statements": 1, "percent_covered": 100.0, "percent_covered_display": "100", "missing_lines": 0, "excluded_lines": 0, "percent_statements_covered": 100.0, "percent_statements_covered_display": "100"}, "missing_lines": [], "excluded_lines": [], "start_line": 124}, "flatten_fc": {"executed_lines": [158, 159, 161, 162, 163, 164, 165, 167], "summary": {"covered_lines": 8, "num_statements": 8, "percent_covered": 100.0, "percent_covered_display": "100", "missing_lines": 0, "excluded_lines": 0, "percent_statements_covered": 100.0, "percent_statements_covered_display": "100"}, "missing_lines": [], "excluded_lines": [], "start_line": 142}, "build_X": {"executed_lines": [207, 208, 209, 210, 212, 213, 214, 216, 217, 224, 225, 227, 228, 230, 231, 233], "summary": {"covered_lines": 16, "num_statements": 16, "percent_covered": 100.0, "percent_covered_display": "100", "missing_lines": 0, "excluded_lines": 0, "percent_statements_covered": 100.0, "percent_statements_covered_display": "100"}, "missing_lines": [], "excluded_lines": [], "start_line": 170}, "": {"executed_lines": [19, 21, 23, 24, 28, 30, 41, 87, 142, 170], "summary": {"covered_lines": 10, "num_statements": 10, "percent_covered": 100.0, "percent_covered_display": "100", "missing_lines": 0, "excluded_lines": 0, "percent_statements_covered": 100.0, "percent_statements_covered_display": "100"}, "missing_lines": [], "excluded_lines": [], "start_line": 1}}, "classes": {"": {"executed_lines": [19, 21, 23, 24, 28, 30, 41, 62, 63, 64, 66, 67, 68, 71, 73, 74, 75, 78, 79, 80, 84, 87, 115, 116, 120, 121, 122, 124, 125, 127, 128, 131, 132, 133, 134, 135, 136, 137, 139, 142, 158, 159, 161, 162, 163, 164, 165, 167, 170, 207, 208, 209, 210, 212, 213, 214, 216, 217, 224, 225, 227, 228, 230, 231, 233], "summary": {"covered_lines": 65, "num_statements": 68, "percent_covered": 95.58823529411765, "percent_covered_display": "96", "missing_lines": 3, "excluded_lines": 0, "percent_statements_covered": 95.58823529411765, "percent_statements_covered_display": "96"}, "missing_lines": [69, 70, 129], "excluded_lines": [], "start_line": 1}}}, "ml_training/__init__.py": {"executed_lines": [3, 9, 15], "summary": {"covered_lines": 3, "num_statements": 3, "percent_covered": 100.0, "percent_covered_display": "100", "missing_lines": 0, "excluded_lines": 0, "percent_statements_covered": 100.0, "percent_statements_covered_display": "100"}, "missing_lines": [], "excluded_lines": [], "functions": {"": {"executed_lines": [3, 9, 15], "summary": {"covered_lines": 3, "num_statements": 3, "percent_covered": 100.0, "percent_covered_display": "100", "missing_lines": 0, "excluded_lines": 0, "percent_statements_covered": 100.0, "percent_statements_covered_display": "100"}, "missing_lines": [], "excluded_lines": [], "start_line": 1}}, "classes": {"": {"executed_lines": [3, 9, 15], "summary": {"covered_lines": 3, "num_statements": 3, "percent_covered": 100.0, "percent_covered_display": "100", "missing_lines": 0, "excluded_lines": 0, "percent_statements_covered": 100.0, "percent_statements_covered_display": "100"}, "missing_lines": [], "excluded_lines": [], "start_line": 1}}}, "ml_training/ml_dispatcher.py": {"executed_lines": [17, 19, 20, 22, 24, 25, 26, 27, 28, 29, 30, 31, 32, 34, 35, 37, 46, 47, 68, 69, 70, 71, 72, 73, 74, 75, 78, 79, 80, 83, 113, 114, 115, 116, 118, 119, 121, 122, 123, 125, 126, 127, 129, 130, 131, 133, 134, 135, 137, 149, 176, 177], "summary": {"covered_lines": 52, "num_statements": 52, "percent_covered": 100.0, "percent_covered_display": "100", "missing_lines": 0, "excluded_lines": 0, "percent_statements_covered": 100.0, "percent_statements_covered_display": "100"}, "missing_lines": [], "excluded_lines": [], "functions": {"_make_pipeline": {"executed_lines": [79, 80], "summary": {"covered_lines": 2, "num_statements": 2, "percent_covered": 100.0, "percent_covered_display": "100", "missing_lines": 0, "excluded_lines": 0, "percent_statements_covered": 100.0, "percent_statements_covered_display": "100"}, "missing_lines": [], "excluded_lines": [], "start_line": 78}, "run_cv": {"executed_lines": [113, 114, 115, 116, 118, 119, 121, 122, 123, 125, 126, 127, 129, 130, 131, 133, 134, 135, 137], "summary": {"covered_lines": 19, "num_statements": 19, "percent_covered": 100.0, "percent_covered_display": "100", "missing_lines": 0, "excluded_lines": 0, "percent_statements_covered": 100.0, "percent_statements_covered_display": "100"}, "missing_lines": [], "excluded_lines": [], "start_line": 83}, "run_all_algorithms": {"executed_lines": [176, 177], "summary": {"covered_lines": 2, "num_statements": 2, "percent_covered": 100.0, "percent_covered_display": "100", "missing_lines": 0, "excluded_lines": 0, "percent_statements_covered": 100.0, "percent_statements_covered_display": "100"}, "missing_lines": [], "excluded_lines": [], "start_line": 149}, "": {"executed_lines": [17, 19, 20, 22, 24, 25, 26, 27, 28, 29, 30, 31, 32, 34, 35, 37, 46, 47, 68, 69, 70, 71, 72, 73, 74, 75, 78, 83, 149], "summary": {"covered_lines": 29, "num_statements": 29, "percent_covered": 100.0, "percent_covered_display": "100", "missing_lines": 0, "excluded_lines": 0, "percent_statements_covered": 100.0, "percent_statements_covered_display": "100"}, "missing_lines": [], "excluded_lines": [], "start_line": 1}}, "classes": {"CVResult": {"executed_lines": [], "summary": {"covered_lines": 0, "num_statements": 0, "percent_covered": 100.0, "percent_covered_display": "100", "missing_lines": 0, "excluded_lines": 0, "percent_statements_covered": 100.0, "percent_statements_covered_display": "100"}, "missing_lines": [], "excluded_lines": [], "start_line": 47}, "": {"executed_lines": [17, 19, 20, 22, 24, 25, 26, 27, 28, 29, 30, 31, 32, 34, 35, 37, 46, 47, 68, 69, 70, 71, 72, 73, 74, 75, 78, 79, 80, 83, 113, 114, 115, 116, 118, 119, 121, 122, 123, 125, 126, 127, 129, 130, 131, 133, 134, 135, 137, 149, 176, 177], "summary": {"covered_lines": 52, "num_statements": 52, "percent_covered": 100.0, "percent_covered_display": "100", "missing_lines": 0, "excluded_lines": 0, "percent_statements_covered": 100.0, "percent_statements_covered_display": "100"}, "missing_lines": [], "excluded_lines": [], "start_line": 1}}}, "ml_training/permutation.py": {"executed_lines": [10, 12, 14, 16, 19, 20, 35, 36, 37, 38, 41, 74, 77, 78, 81, 82, 83, 84, 85, 87, 89, 97, 118, 119, 120, 121, 124, 125, 128, 130, 131, 134, 135, 137, 139], "summary": {"covered_lines": 35, "num_statements": 35, "percent_covered": 100.0, "percent_covered_display": "100", "missing_lines": 0, "excluded_lines": 0, "percent_statements_covered": 100.0, "percent_statements_covered_display": "100"}, "missing_lines": [], "excluded_lines": [], "functions": {"permutation_test": {"executed_lines": [74, 77, 78, 81, 82, 83, 84, 85, 87, 89], "summary": {"covered_lines": 10, "num_statements": 10, "percent_covered": 100.0, "percent_covered_display": "100", "missing_lines": 0, "excluded_lines": 0, "percent_statements_covered": 100.0, "percent_statements_covered_display": "100"}, "missing_lines": [], "excluded_lines": [], "start_line": 41}, "fdr_correction": {"executed_lines": [118, 119, 120, 121, 124, 125, 128, 130, 131, 134, 135, 137, 139], "summary": {"covered_lines": 13, "num_statements": 13, "percent_covered": 100.0, "percent_covered_display": "100", "missing_lines": 0, "excluded_lines": 0, "percent_statements_covered": 100.0, "percent_statements_covered_display": "100"}, "missing_lines": [], "excluded_lines": [], "start_line": 97}, "": {"executed_lines": [10, 12, 14, 16, 19, 20, 35, 36, 37, 38, 41, 97], "summary": {"covered_lines": 12, "num_statements": 12, "percent_covered": 100.0, "percent_covered_display": "100", "missing_lines": 0, "excluded_lines": 0, "percent_statements_covered": 100.0, "percent_statements_covered_display": "100"}, "missing_lines": [], "excluded_lines": [], "start_line": 1}}, "classes": {"PermutationResult": {"executed_lines": [], "summary": {"covered_lines": 0, "num_statements": 0, "percent_covered": 100.0, "percent_covered_display": "100", "missing_lines": 0, "excluded_lines": 0, "percent_statements_covered": 100.0, "percent_statements_covered_display": "100"}, "missing_lines": [], "excluded_lines": [], "start_line": 20}, "": {"executed_lines": [10, 12, 14, 16, 19, 20, 35, 36, 37, 38, 41, 74, 77, 78, 81, 82, 83, 84, 85, 87, 89, 97, 118, 119, 120, 121, 124, 125, 128, 130, 131, 134, 135, 137, 139], "summary": {"covered_lines": 35, "num_statements": 35, "percent_covered": 100.0, "percent_covered_display": "100", "missing_lines": 0, "excluded_lines": 0, "percent_statements_covered": 100.0, "percent_statements_covered_display": "100"}, "missing_lines": [], "excluded_lines": [], "start_line": 1}}}, "parcellation/__init__.py": {"executed_lines": [3, 9, 11], "summary": {"covered_lines": 3, "num_statements": 3, "percent_covered": 100.0, "percent_covered_display": "100", "missing_lines": 0, "excluded_lines": 0, "percent_statements_covered": 100.0, "percent_statements_covered_display": "100"}, "missing_lines": [], "excluded_lines": [], "functions": {"": {"executed_lines": [3, 9, 11], "summary": {"covered_lines": 3, "num_statements": 3, "percent_covered": 100.0, "percent_covered_display": "100", "missing_lines": 0, "excluded_lines": 0, "percent_statements_covered": 100.0, "percent_statements_covered_display": "100"}, "missing_lines": [], "excluded_lines": [], "start_line": 1}}, "classes": {"": {"executed_lines": [3, 9, 11], "summary": {"covered_lines": 3, "num_statements": 3, "percent_covered": 100.0, "percent_covered_display": "100", "missing_lines": 0, "excluded_lines": 0, "percent_statements_covered": 100.0, "percent_statements_covered_display": "100"}, "missing_lines": [], "excluded_lines": [], "start_line": 1}}}, "parcellation/extract_label_tc.py": {"executed_lines": [19, 21, 22, 24, 25, 27, 29, 37, 39, 42, 56, 71, 72, 75, 78, 107, 109, 110, 111, 112, 115, 149, 150, 151, 152, 154, 156, 157, 158, 162, 165], "summary": {"covered_lines": 31, "num_statements": 54, "percent_covered": 57.407407407407405, "percent_covered_display": "57", "missing_lines": 23, "excluded_lines": 0, "percent_statements_covered": 57.407407407407405, "percent_statements_covered_display": "57"}, "missing_lines": [48, 49, 50, 52, 53, 108, 160, 166, 168, 169, 170, 171, 172, 173, 174, 176, 177, 178, 180, 187, 188, 189, 190], "excluded_lines": [], "functions": {"_validate_cli_path": {"executed_lines": [], "summary": {"covered_lines": 0, "num_statements": 5, "percent_covered": 0.0, "percent_covered_display": "0", "missing_lines": 5, "excluded_lines": 0, "percent_statements_covered": 0.0, "percent_statements_covered_display": "0"}, "missing_lines": [48, 49, 50, 52, 53], "excluded_lines": [], "start_line": 42}, "get_labels": {"executed_lines": [71, 72, 75], "summary": {"covered_lines": 3, "num_statements": 3, "percent_covered": 100.0, "percent_covered_display": "100", "missing_lines": 0, "excluded_lines": 0, "percent_statements_covered": 100.0, "percent_statements_covered_display": "100"}, "missing_lines": [], "excluded_lines": [], "start_line": 56}, "extract_tc": {"executed_lines": [107, 109, 110, 111, 112], "summary": {"covered_lines": 5, "num_statements": 6, "percent_covered": 83.33333333333333, "percent_covered_display": "83", "missing_lines": 1, "excluded_lines": 0, "percent_statements_covered": 83.33333333333333, "percent_statements_covered_display": "83"}, "missing_lines": [108], "excluded_lines": [], "start_line": 78}, "extract_tc_from_files": {"executed_lines": [149, 150, 151, 152, 154, 156, 157, 158, 162], "summary": {"covered_lines": 9, "num_statements": 10, "percent_covered": 90.0, "percent_covered_display": "90", "missing_lines": 1, "excluded_lines": 0, "percent_statements_covered": 90.0, "percent_statements_covered_display": "90"}, "missing_lines": [160], "excluded_lines": [], "start_line": 115}, "": {"executed_lines": [19, 21, 22, 24, 25, 27, 29, 37, 39, 42, 56, 78, 115, 165], "summary": {"covered_lines": 14, "num_statements": 30, "percent_covered": 46.666666666666664, "percent_covered_display": "47", "missing_lines": 16, "excluded_lines": 0, "percent_statements_covered": 46.666666666666664, "percent_statements_covered_display": "47"}, "missing_lines": [166, 168, 169, 170, 171, 172, 173, 174, 176, 177, 178, 180, 187, 188, 189, 190], "excluded_lines": [], "start_line": 1}}, "classes": {"": {"executed_lines": [19, 21, 22, 24, 25, 27, 29, 37, 39, 42, 56, 71, 72, 75, 78, 107, 109, 110, 111, 112, 115, 149, 150, 151, 152, 154, 156, 157, 158, 162, 165], "summary": {"covered_lines": 31, "num_statements": 54, "percent_covered": 57.407407407407405, "percent_covered_display": "57", "missing_lines": 23, "excluded_lines": 0, "percent_statements_covered": 57.407407407407405, "percent_statements_covered_display": "57"}, "missing_lines": [48, 49, 50, 52, 53, 108, 160, 166, 168, 169, 170, 171, 172, 173, 174, 176, 177, 178, 180, 187, 188, 189, 190], "excluded_lines": [], "start_line": 1}}}, "parcellation/neuromaps_helper.py": {"executed_lines": [14, 16, 17, 18, 19, 21, 23, 28, 29, 30, 32, 36, 42, 47, 48, 56, 80, 81, 82, 84, 86, 87, 89, 90, 92, 93, 94, 95, 104, 105, 107, 110, 130, 133, 134, 135, 139, 140, 146, 147, 148, 149, 150, 153, 155], "summary": {"covered_lines": 45, "num_statements": 57, "percent_covered": 78.94736842105263, "percent_covered_display": "79", "missing_lines": 12, "excluded_lines": 2, "percent_statements_covered": 78.94736842105263, "percent_statements_covered_display": "79"}, "missing_lines": [33, 34, 97, 98, 101, 102, 136, 137, 142, 143, 144, 151], "excluded_lines": [25, 26], "functions": {"_warn_no_neuromaps": {"executed_lines": [48], "summary": {"covered_lines": 1, "num_statements": 1, "percent_covered": 100.0, "percent_covered_display": "100", "missing_lines": 0, "excluded_lines": 0, "percent_statements_covered": 100.0, "percent_statements_covered_display": "100"}, "missing_lines": [], "excluded_lines": [], "start_line": 47}, "fetch_annotation_for_atlas": {"executed_lines": [80, 81, 82, 84, 86, 87, 89, 90, 92, 93, 94, 95, 104, 105, 107], "summary": {"covered_lines": 15, "num_statements": 19, "percent_covered": 78.94736842105263, "percent_covered_display": "79", "missing_lines": 4, "excluded_lines": 0, "percent_statements_covered": 78.94736842105263, "percent_statements_covered_display": "79"}, "missing_lines": [97, 98, 101, 102], "excluded_lines": [], "start_line": 56}, "_parcellate_annotation": {"executed_lines": [130, 133, 134, 135, 139, 140, 146, 147, 148, 149, 150, 153, 155], "summary": {"covered_lines": 13, "num_statements": 19, "percent_covered": 68.42105263157895, "percent_covered_display": "68", "missing_lines": 6, "excluded_lines": 0, "percent_statements_covered": 68.42105263157895, "percent_statements_covered_display": "68"}, "missing_lines": [136, 137, 142, 143, 144, 151], "excluded_lines": [], "start_line": 110}, "": {"executed_lines": [14, 16, 17, 18, 19, 21, 23, 28, 29, 30, 32, 36, 42, 47, 56, 110], "summary": {"covered_lines": 16, "num_statements": 18, "percent_covered": 88.88888888888889, "percent_covered_display": "89", "missing_lines": 2, "excluded_lines": 2, "percent_statements_covered": 88.88888888888889, "percent_statements_covered_display": "89"}, "missing_lines": [33, 34], "excluded_lines": [25, 26], "start_line": 1}}, "classes": {"": {"executed_lines": [14, 16, 17, 18, 19, 21, 23, 28, 29, 30, 32, 36, 42, 47, 48, 56, 80, 81, 82, 84, 86, 87, 89, 90, 92, 93, 94, 95, 104, 105, 107, 110, 130, 133, 134, 135, 139, 140, 146, 147, 148, 149, 150, 153, 155], "summary": {"covered_lines": 45, "num_statements": 57, "percent_covered": 78.94736842105263, "percent_covered_display": "79", "missing_lines": 12, "excluded_lines": 2, "percent_statements_covered": 78.94736842105263, "percent_statements_covered_display": "79"}, "missing_lines": [33, 34, 97, 98, 101, 102, 136, 137, 142, 143, 144, 151], "excluded_lines": [25, 26], "start_line": 1}}}, "pipeline_mne_bids/__init__.py": {"executed_lines": [3, 4, 5, 7], "summary": {"covered_lines": 4, "num_statements": 4, "percent_covered": 100.0, "percent_covered_display": "100", "missing_lines": 0, "excluded_lines": 0, "percent_statements_covered": 100.0, "percent_statements_covered_display": "100"}, "missing_lines": [], "excluded_lines": [], "functions": {"": {"executed_lines": [3, 4, 5, 7], "summary": {"covered_lines": 4, "num_statements": 4, "percent_covered": 100.0, "percent_covered_display": "100", "missing_lines": 0, "excluded_lines": 0, "percent_statements_covered": 100.0, "percent_statements_covered_display": "100"}, "missing_lines": [], "excluded_lines": [], "start_line": 1}}, "classes": {"": {"executed_lines": [3, 4, 5, 7], "summary": {"covered_lines": 4, "num_statements": 4, "percent_covered": 100.0, "percent_covered_display": "100", "missing_lines": 0, "excluded_lines": 0, "percent_statements_covered": 100.0, "percent_statements_covered_display": "100"}, "missing_lines": [], "excluded_lines": [], "start_line": 1}}}, "pipeline_mne_bids/bench/__init__.py": {"executed_lines": [3, 11], "summary": {"covered_lines": 2, "num_statements": 2, "percent_covered": 100.0, "percent_covered_display": "100", "missing_lines": 0, "excluded_lines": 0, "percent_statements_covered": 100.0, "percent_statements_covered_display": "100"}, "missing_lines": [], "excluded_lines": [], "functions": {"": {"executed_lines": [3, 11], "summary": {"covered_lines": 2, "num_statements": 2, "percent_covered": 100.0, "percent_covered_display": "100", "missing_lines": 0, "excluded_lines": 0, "percent_statements_covered": 100.0, "percent_statements_covered_display": "100"}, "missing_lines": [], "excluded_lines": [], "start_line": 1}}, "classes": {"": {"executed_lines": [3, 11], "summary": {"covered_lines": 2, "num_statements": 2, "percent_covered": 100.0, "percent_covered_display": "100", "missing_lines": 0, "excluded_lines": 0, "percent_statements_covered": 100.0, "percent_statements_covered_display": "100"}, "missing_lines": [], "excluded_lines": [], "start_line": 1}}}, "pipeline_mne_bids/bench/cli.py": {"executed_lines": [], "summary": {"covered_lines": 0, "num_statements": 17, "percent_covered": 0.0, "percent_covered_display": "0", "missing_lines": 17, "excluded_lines": 0, "percent_statements_covered": 0.0, "percent_statements_covered_display": "0"}, "missing_lines": [3, 5, 7, 10, 11, 12, 13, 14, 15, 16, 17, 18, 19, 20, 22, 34, 35], "excluded_lines": [], "functions": {"main": {"executed_lines": [], "summary": {"covered_lines": 0, "num_statements": 11, "percent_covered": 0.0, "percent_covered_display": "0", "missing_lines": 11, "excluded_lines": 0, "percent_statements_covered": 0.0, "percent_statements_covered_display": "0"}, "missing_lines": [11, 12, 13, 14, 15, 16, 17, 18, 19, 20, 22], "excluded_lines": [], "start_line": 10}, "": {"executed_lines": [], "summary": {"covered_lines": 0, "num_statements": 6, "percent_covered": 0.0, "percent_covered_display": "0", "missing_lines": 6, "excluded_lines": 0, "percent_statements_covered": 0.0, "percent_statements_covered_display": "0"}, "missing_lines": [3, 5, 7, 10, 34, 35], "excluded_lines": [], "start_line": 1}}, "classes": {"": {"executed_lines": [], "summary": {"covered_lines": 0, "num_statements": 17, "percent_covered": 0.0, "percent_covered_display": "0", "missing_lines": 17, "excluded_lines": 0, "percent_statements_covered": 0.0, "percent_statements_covered_display": "0"}, "missing_lines": [3, 5, 7, 10, 11, 12, 13, 14, 15, 16, 17, 18, 19, 20, 22, 34, 35], "excluded_lines": [], "start_line": 1}}}, "pipeline_mne_bids/bench/matrix.py": {"executed_lines": [3, 5, 6, 7, 8, 9, 11, 12, 13, 15, 16, 17, 18, 19, 23, 25, 27, 29, 37, 44, 47, 54, 59, 67, 95, 114], "summary": {"covered_lines": 26, "num_statements": 115, "percent_covered": 22.608695652173914, "percent_covered_display": "23", "missing_lines": 89, "excluded_lines": 0, "percent_statements_covered": 22.608695652173914, "percent_statements_covered_display": "23"}, "missing_lines": [48, 49, 50, 51, 55, 56, 60, 61, 73, 74, 76, 77, 78, 79, 81, 82, 84, 85, 86, 87, 88, 90, 91, 92, 102, 103, 104, 105, 106, 109, 110, 111, 156, 157, 159, 160, 161, 162, 163, 164, 165, 167, 168, 180, 181, 182, 183, 184, 186, 187, 189, 190, 191, 193, 194, 196, 197, 198, 199, 205, 206, 207, 208, 209, 210, 211, 212, 213, 215, 216, 217, 218, 231, 232, 233, 240, 241, 249, 250, 252, 254, 255, 261, 262, 264, 265, 266, 267, 268], "excluded_lines": [], "functions": {"_git_sha": {"executed_lines": [], "summary": {"covered_lines": 0, "num_statements": 4, "percent_covered": 0.0, "percent_covered_display": "0", "missing_lines": 4, "excluded_lines": 0, "percent_statements_covered": 0.0, "percent_statements_covered_display": "0"}, "missing_lines": [48, 49, 50, 51], "excluded_lines": [], "start_line": 47}, "_config_hash": {"executed_lines": [], "summary": {"covered_lines": 0, "num_statements": 2, "percent_covered": 0.0, "percent_covered_display": "0", "missing_lines": 2, "excluded_lines": 0, "percent_statements_covered": 0.0, "percent_statements_covered_display": "0"}, "missing_lines": [55, 56], "excluded_lines": [], "start_line": 54}, "_build_y": {"executed_lines": [], "summary": {"covered_lines": 0, "num_statements": 2, "percent_covered": 0.0, "percent_covered_display": "0", "missing_lines": 2, "excluded_lines": 0, "percent_statements_covered": 0.0, "percent_statements_covered_display": "0"}, "missing_lines": [60, 61], "excluded_lines": [], "start_line": 59}, "_load_epochs_and_inv": {"executed_lines": [], "summary": {"covered_lines": 0, "num_statements": 16, "percent_covered": 0.0, "percent_covered_display": "0", "missing_lines": 16, "excluded_lines": 0, "percent_statements_covered": 0.0, "percent_statements_covered_display": "0"}, "missing_lines": [73, 74, 76, 77, 78, 79, 81, 82, 84, 85, 86, 87, 88, 90, 91, 92], "excluded_lines": [], "start_line": 67}, "_compute_label_tc": {"executed_lines": [], "summary": {"covered_lines": 0, "num_statements": 8, "percent_covered": 0.0, "percent_covered_display": "0", "missing_lines": 8, "excluded_lines": 0, "percent_statements_covered": 0.0, "percent_statements_covered_display": "0"}, "missing_lines": [102, 103, 104, 105, 106, 109, 110, 111], "excluded_lines": [], "start_line": 95}, "run_bench": {"executed_lines": [], "summary": {"covered_lines": 0, "num_statements": 57, "percent_covered": 0.0, "percent_covered_display": "0", "missing_lines": 57, "excluded_lines": 0, "percent_statements_covered": 0.0, "percent_statements_covered_display": "0"}, "missing_lines": [156, 157, 159, 160, 161, 162, 163, 164, 165, 167, 168, 180, 181, 182, 183, 184, 186, 187, 189, 190, 191, 193, 194, 196, 197, 198, 199, 205, 206, 207, 208, 209, 210, 211, 212, 213, 215, 216, 217, 218, 231, 232, 233, 240, 241, 249, 250, 252, 254, 255, 261, 262, 264, 265, 266, 267, 268], "excluded_lines": [], "start_line": 114}, "": {"executed_lines": [3, 5, 6, 7, 8, 9, 11, 12, 13, 15, 16, 17, 18, 19, 23, 25, 27, 29, 37, 44, 47, 54, 59, 67, 95, 114], "summary": {"covered_lines": 26, "num_statements": 26, "percent_covered": 100.0, "percent_covered_display": "100", "missing_lines": 0, "excluded_lines": 0, "percent_statements_covered": 100.0, "percent_statements_covered_display": "100"}, "missing_lines": [], "excluded_lines": [], "start_line": 1}}, "classes": {"": {"executed_lines": [3, 5, 6, 7, 8, 9, 11, 12, 13, 15, 16, 17, 18, 19, 23, 25, 27, 29, 37, 44, 47, 54, 59, 67, 95, 114], "summary": {"covered_lines": 26, "num_statements": 115, "percent_covered": 22.608695652173914, "percent_covered_display": "23", "missing_lines": 89, "excluded_lines": 0, "percent_statements_covered": 22.608695652173914, "percent_statements_covered_display": "23"}, "missing_lines": [48, 49, 50, 51, 55, 56, 60, 61, 73, 74, 76, 77, 78, 79, 81, 82, 84, 85, 86, 87, 88, 90, 91, 92, 102, 103, 104, 105, 106, 109, 110, 111, 156, 157, 159, 160, 161, 162, 163, 164, 165, 167, 168, 180, 181, 182, 183, 184, 186, 187, 189, 190, 191, 193, 194, 196, 197, 198, 199, 205, 206, 207, 208, 209, 210, 211, 212, 213, 215, 216, 217, 218, 231, 232, 233, 240, 241, 249, 250, 252, 254, 255, 261, 262, 264, 265, 266, 267, 268], "excluded_lines": [], "start_line": 1}}}, "pipeline_mne_bids/bench/reporter.py": {"executed_lines": [3, 5, 6, 7, 10, 16, 24], "summary": {"covered_lines": 7, "num_statements": 31, "percent_covered": 22.580645161290324, "percent_covered_display": "23", "missing_lines": 24, "excluded_lines": 0, "percent_statements_covered": 22.580645161290324, "percent_statements_covered_display": "23"}, "missing_lines": [12, 13, 17, 18, 19, 20, 21, 26, 27, 29, 42, 43, 44, 49, 55, 56, 57, 59, 60, 61, 62, 66, 67, 69], "excluded_lines": [], "functions": {"dump_json": {"executed_lines": [], "summary": {"covered_lines": 0, "num_statements": 2, "percent_covered": 0.0, "percent_covered_display": "0", "missing_lines": 2, "excluded_lines": 0, "percent_statements_covered": 0.0, "percent_statements_covered_display": "0"}, "missing_lines": [12, 13], "excluded_lines": [], "start_line": 10}, "_marginal": {"executed_lines": [], "summary": {"covered_lines": 0, "num_statements": 5, "percent_covered": 0.0, "percent_covered_display": "0", "missing_lines": 5, "excluded_lines": 0, "percent_statements_covered": 0.0, "percent_statements_covered_display": "0"}, "missing_lines": [17, 18, 19, 20, 21], "excluded_lines": [], "start_line": 16}, "write_summary": {"executed_lines": [], "summary": {"covered_lines": 0, "num_statements": 17, "percent_covered": 0.0, "percent_covered_display": "0", "missing_lines": 17, "excluded_lines": 0, "percent_statements_covered": 0.0, "percent_statements_covered_display": "0"}, "missing_lines": [26, 27, 29, 42, 43, 44, 49, 55, 56, 57, 59, 60, 61, 62, 66, 67, 69], "excluded_lines": [], "start_line": 24}, "": {"executed_lines": [3, 5, 6, 7, 10, 16, 24], "summary": {"covered_lines": 7, "num_statements": 7, "percent_covered": 100.0, "percent_covered_display": "100", "missing_lines": 0, "excluded_lines": 0, "percent_statements_covered": 100.0, "percent_statements_covered_display": "100"}, "missing_lines": [], "excluded_lines": [], "start_line": 1}}, "classes": {"": {"executed_lines": [3, 5, 6, 7, 10, 16, 24], "summary": {"covered_lines": 7, "num_statements": 31, "percent_covered": 22.580645161290324, "percent_covered_display": "23", "missing_lines": 24, "excluded_lines": 0, "percent_statements_covered": 22.580645161290324, "percent_statements_covered_display": "23"}, "missing_lines": [12, 13, 17, 18, 19, 20, 21, 26, 27, 29, 42, 43, 44, 49, 55, 56, 57, 59, 60, 61, 62, 66, 67, 69], "excluded_lines": [], "start_line": 1}}}, "pipeline_mne_bids/run_bench_matrix.py": {"executed_lines": [], "summary": {"covered_lines": 0, "num_statements": 3, "percent_covered": 0.0, "percent_covered_display": "0", "missing_lines": 3, "excluded_lines": 0, "percent_statements_covered": 0.0, "percent_statements_covered_display": "0"}, "missing_lines": [17, 19, 20], "excluded_lines": [], "functions": {"": {"executed_lines": [], "summary": {"covered_lines": 0, "num_statements": 3, "percent_covered": 0.0, "percent_covered_display": "0", "missing_lines": 3, "excluded_lines": 0, "percent_statements_covered": 0.0, "percent_statements_covered_display": "0"}, "missing_lines": [17, 19, 20], "excluded_lines": [], "start_line": 1}}, "classes": {"": {"executed_lines": [], "summary": {"covered_lines": 0, "num_statements": 3, "percent_covered": 0.0, "percent_covered_display": "0", "missing_lines": 3, "excluded_lines": 0, "percent_statements_covered": 0.0, "percent_statements_covered_display": "0"}, "missing_lines": [17, 19, 20], "excluded_lines": [], "start_line": 1}}}, "pipeline_mne_bids/run_e2e/__init__.py": {"executed_lines": [3, 5], "summary": {"covered_lines": 2, "num_statements": 2, "percent_covered": 100.0, "percent_covered_display": "100", "missing_lines": 0, "excluded_lines": 0, "percent_statements_covered": 100.0, "percent_statements_covered_display": "100"}, "missing_lines": [], "excluded_lines": [], "functions": {"": {"executed_lines": [3, 5], "summary": {"covered_lines": 2, "num_statements": 2, "percent_covered": 100.0, "percent_covered_display": "100", "missing_lines": 0, "excluded_lines": 0, "percent_statements_covered": 100.0, "percent_statements_covered_display": "100"}, "missing_lines": [], "excluded_lines": [], "start_line": 1}}, "classes": {"": {"executed_lines": [3, 5], "summary": {"covered_lines": 2, "num_statements": 2, "percent_covered": 100.0, "percent_covered_display": "100", "missing_lines": 0, "excluded_lines": 0, "percent_statements_covered": 100.0, "percent_statements_covered_display": "100"}, "missing_lines": [], "excluded_lines": [], "start_line": 1}}}, "pipeline_mne_bids/run_e2e/cli.py": {"executed_lines": [], "summary": {"covered_lines": 0, "num_statements": 15, "percent_covered": 0.0, "percent_covered_display": "0", "missing_lines": 15, "excluded_lines": 0, "percent_statements_covered": 0.0, "percent_statements_covered_display": "0"}, "missing_lines": [3, 5, 7, 10, 12, 13, 14, 15, 18, 23, 24, 25, 26, 27, 29], "excluded_lines": [], "functions": {"main": {"executed_lines": [], "summary": {"covered_lines": 0, "num_statements": 11, "percent_covered": 0.0, "percent_covered_display": "0", "missing_lines": 11, "excluded_lines": 0, "percent_statements_covered": 0.0, "percent_statements_covered_display": "0"}, "missing_lines": [12, 13, 14, 15, 18, 23, 24, 25, 26, 27, 29], "excluded_lines": [], "start_line": 10}, "": {"executed_lines": [], "summary": {"covered_lines": 0, "num_statements": 4, "percent_covered": 0.0, "percent_covered_display": "0", "missing_lines": 4, "excluded_lines": 0, "percent_statements_covered": 0.0, "percent_statements_covered_display": "0"}, "missing_lines": [3, 5, 7, 10], "excluded_lines": [], "start_line": 1}}, "classes": {"": {"executed_lines": [], "summary": {"covered_lines": 0, "num_statements": 15, "percent_covered": 0.0, "percent_covered_display": "0", "missing_lines": 15, "excluded_lines": 0, "percent_statements_covered": 0.0, "percent_statements_covered_display": "0"}, "missing_lines": [3, 5, 7, 10, 12, 13, 14, 15, 18, 23, 24, 25, 26, 27, 29], "excluded_lines": [], "start_line": 1}}}, "pipeline_mne_bids/run_e2e/exec.py": {"executed_lines": [3, 5, 6, 8, 9, 10, 12, 13, 14, 15, 16, 18, 26, 28, 29, 30, 31, 32, 33, 36], "summary": {"covered_lines": 20, "num_statements": 70, "percent_covered": 28.571428571428573, "percent_covered_display": "29", "missing_lines": 50, "excluded_lines": 0, "percent_statements_covered": 28.571428571428573, "percent_statements_covered_display": "29"}, "missing_lines": [82, 83, 84, 87, 88, 91, 92, 93, 94, 96, 97, 100, 101, 102, 103, 104, 106, 107, 108, 111, 112, 113, 115, 116, 117, 118, 121, 122, 124, 125, 128, 132, 133, 134, 137, 138, 141, 142, 144, 145, 146, 147, 150, 167, 168, 169, 170, 171, 172, 174], "excluded_lines": [], "functions": {"_build_y": {"executed_lines": [28, 29, 30, 31, 32, 33], "summary": {"covered_lines": 6, "num_statements": 6, "percent_covered": 100.0, "percent_covered_display": "100", "missing_lines": 0, "excluded_lines": 0, "percent_statements_covered": 100.0, "percent_statements_covered_display": "100"}, "missing_lines": [], "excluded_lines": [], "start_line": 26}, "run_e2e": {"executed_lines": [], "summary": {"covered_lines": 0, "num_statements": 50, "percent_covered": 0.0, "percent_covered_display": "0", "missing_lines": 50, "excluded_lines": 0, "percent_statements_covered": 0.0, "percent_statements_covered_display": "0"}, "missing_lines": [82, 83, 84, 87, 88, 91, 92, 93, 94, 96, 97, 100, 101, 102, 103, 104, 106, 107, 108, 111, 112, 113, 115, 116, 117, 118, 121, 122, 124, 125, 128, 132, 133, 134, 137, 138, 141, 142, 144, 145, 146, 147, 150, 167, 168, 169, 170, 171, 172, 174], "excluded_lines": [], "start_line": 36}, "": {"executed_lines": [3, 5, 6, 8, 9, 10, 12, 13, 14, 15, 16, 18, 26, 36], "summary": {"covered_lines": 14, "num_statements": 14, "percent_covered": 100.0, "percent_covered_display": "100", "missing_lines": 0, "excluded_lines": 0, "percent_statements_covered": 100.0, "percent_statements_covered_display": "100"}, "missing_lines": [], "excluded_lines": [], "start_line": 1}}, "classes": {"": {"executed_lines": [3, 5, 6, 8, 9, 10, 12, 13, 14, 15, 16, 18, 26, 28, 29, 30, 31, 32, 33, 36], "summary": {"covered_lines": 20, "num_statements": 70, "percent_covered": 28.571428571428573, "percent_covered_display": "29", "missing_lines": 50, "excluded_lines": 0, "percent_statements_covered": 28.571428571428573, "percent_statements_covered_display": "29"}, "missing_lines": [82, 83, 84, 87, 88, 91, 92, 93, 94, 96, 97, 100, 101, 102, 103, 104, 106, 107, 108, 111, 112, 113, 115, 116, 117, 118, 121, 122, 124, 125, 128, 132, 133, 134, 137, 138, 141, 142, 144, 145, 146, 147, 150, 167, 168, 169, 170, 171, 172, 174], "excluded_lines": [], "start_line": 1}}}, "pipeline_mne_bids/run_e2e/report.py": {"executed_lines": [3, 5, 6, 9, 19, 35, 36, 37, 39, 48], "summary": {"covered_lines": 10, "num_statements": 10, "percent_covered": 100.0, "percent_covered_display": "100", "missing_lines": 0, "excluded_lines": 0, "percent_statements_covered": 100.0, "percent_statements_covered_display": "100"}, "missing_lines": [], "excluded_lines": [], "functions": {"write_report": {"executed_lines": [19, 35, 36, 37, 39, 48], "summary": {"covered_lines": 6, "num_statements": 6, "percent_covered": 100.0, "percent_covered_display": "100", "missing_lines": 0, "excluded_lines": 0, "percent_statements_covered": 100.0, "percent_statements_covered_display": "100"}, "missing_lines": [], "excluded_lines": [], "start_line": 9}, "": {"executed_lines": [3, 5, 6, 9], "summary": {"covered_lines": 4, "num_statements": 4, "percent_covered": 100.0, "percent_covered_display": "100", "missing_lines": 0, "excluded_lines": 0, "percent_statements_covered": 100.0, "percent_statements_covered_display": "100"}, "missing_lines": [], "excluded_lines": [], "start_line": 1}}, "classes": {"": {"executed_lines": [3, 5, 6, 9, 19, 35, 36, 37, 39, 48], "summary": {"covered_lines": 10, "num_statements": 10, "percent_covered": 100.0, "percent_covered_display": "100", "missing_lines": 0, "excluded_lines": 0, "percent_statements_covered": 100.0, "percent_statements_covered_display": "100"}, "missing_lines": [], "excluded_lines": [], "start_line": 1}}}, "pipeline_mne_bids/run_e2e_matchingpennies.py": {"executed_lines": [], "summary": {"covered_lines": 0, "num_statements": 3, "percent_covered": 0.0, "percent_covered_display": "0", "missing_lines": 3, "excluded_lines": 0, "percent_statements_covered": 0.0, "percent_statements_covered_display": "0"}, "missing_lines": [14, 16, 17], "excluded_lines": [], "functions": {"": {"executed_lines": [], "summary": {"covered_lines": 0, "num_statements": 3, "percent_covered": 0.0, "percent_covered_display": "0", "missing_lines": 3, "excluded_lines": 0, "percent_statements_covered": 0.0, "percent_statements_covered_display": "0"}, "missing_lines": [14, 16, 17], "excluded_lines": [], "start_line": 1}}, "classes": {"": {"executed_lines": [], "summary": {"covered_lines": 0, "num_statements": 3, "percent_covered": 0.0, "percent_covered_display": "0", "missing_lines": 3, "excluded_lines": 0, "percent_statements_covered": 0.0, "percent_statements_covered_display": "0"}, "missing_lines": [14, 16, 17], "excluded_lines": [], "start_line": 1}}}, "pipeline_mne_bids/run_with_timeout.py": {"executed_lines": [9, 11, 12, 14, 17], "summary": {"covered_lines": 5, "num_statements": 12, "percent_covered": 41.666666666666664, "percent_covered_display": "42", "missing_lines": 7, "excluded_lines": 0, "percent_statements_covered": 41.666666666666664, "percent_statements_covered_display": "42"}, "missing_lines": [38, 40, 41, 42, 43, 44, 45], "excluded_lines": [], "functions": {"run": {"executed_lines": [], "summary": {"covered_lines": 0, "num_statements": 7, "percent_covered": 0.0, "percent_covered_display": "0", "missing_lines": 7, "excluded_lines": 0, "percent_statements_covered": 0.0, "percent_statements_covered_display": "0"}, "missing_lines": [38, 40, 41, 42, 43, 44, 45], "excluded_lines": [], "start_line": 17}, "": {"executed_lines": [9, 11, 12, 14, 17], "summary": {"covered_lines": 5, "num_statements": 5, "percent_covered": 100.0, "percent_covered_display": "100", "missing_lines": 0, "excluded_lines": 0, "percent_statements_covered": 100.0, "percent_statements_covered_display": "100"}, "missing_lines": [], "excluded_lines": [], "start_line": 1}}, "classes": {"": {"executed_lines": [9, 11, 12, 14, 17], "summary": {"covered_lines": 5, "num_statements": 12, "percent_covered": 41.666666666666664, "percent_covered_display": "42", "missing_lines": 7, "excluded_lines": 0, "percent_statements_covered": 41.666666666666664, "percent_statements_covered_display": "42"}, "missing_lines": [38, 40, 41, 42, 43, 44, 45], "excluded_lines": [], "start_line": 1}}}, "source_reconstruction/__init__.py": {"executed_lines": [3, 7, 9], "summary": {"covered_lines": 3, "num_statements": 3, "percent_covered": 100.0, "percent_covered_display": "100", "missing_lines": 0, "excluded_lines": 0, "percent_statements_covered": 100.0, "percent_statements_covered_display": "100"}, "missing_lines": [], "excluded_lines": [], "functions": {"": {"executed_lines": [3, 7, 9], "summary": {"covered_lines": 3, "num_statements": 3, "percent_covered": 100.0, "percent_covered_display": "100", "missing_lines": 0, "excluded_lines": 0, "percent_statements_covered": 100.0, "percent_statements_covered_display": "100"}, "missing_lines": [], "excluded_lines": [], "start_line": 1}}, "classes": {"": {"executed_lines": [3, 7, 9], "summary": {"covered_lines": 3, "num_statements": 3, "percent_covered": 100.0, "percent_covered_display": "100", "missing_lines": 0, "excluded_lines": 0, "percent_statements_covered": 100.0, "percent_statements_covered_display": "100"}, "missing_lines": [], "excluded_lines": [], "start_line": 1}}}, "source_reconstruction/apply_inverse_epochs_rs.py": {"executed_lines": [15, 17, 18, 19, 20, 22, 23, 25, 26, 29, 61, 70, 72, 75, 96, 97, 98, 99, 100, 101, 102, 105], "summary": {"covered_lines": 22, "num_statements": 41, "percent_covered": 53.65853658536585, "percent_covered_display": "54", "missing_lines": 19, "excluded_lines": 0, "percent_statements_covered": 53.65853658536585, "percent_statements_covered_display": "54"}, "missing_lines": [71, 106, 107, 108, 109, 110, 111, 112, 114, 115, 116, 118, 119, 121, 122, 124, 125, 126, 127], "excluded_lines": [], "functions": {"apply_inverse_epochs_rs": {"executed_lines": [61, 70, 72], "summary": {"covered_lines": 3, "num_statements": 4, "percent_covered": 75.0, "percent_covered_display": "75", "missing_lines": 1, "excluded_lines": 0, "percent_statements_covered": 75.0, "percent_statements_covered_display": "75"}, "missing_lines": [71], "excluded_lines": [], "start_line": 29}, "save_stcs": {"executed_lines": [96, 97, 98, 99, 100, 101, 102], "summary": {"covered_lines": 7, "num_statements": 7, "percent_covered": 100.0, "percent_covered_display": "100", "missing_lines": 0, "excluded_lines": 0, "percent_statements_covered": 100.0, "percent_statements_covered_display": "100"}, "missing_lines": [], "excluded_lines": [], "start_line": 75}, "": {"executed_lines": [15, 17, 18, 19, 20, 22, 23, 25, 26, 29, 75, 105], "summary": {"covered_lines": 12, "num_statements": 30, "percent_covered": 40.0, "percent_covered_display": "40", "missing_lines": 18, "excluded_lines": 0, "percent_statements_covered": 40.0, "percent_statements_covered_display": "40"}, "missing_lines": [106, 107, 108, 109, 110, 111, 112, 114, 115, 116, 118, 119, 121, 122, 124, 125, 126, 127], "excluded_lines": [], "start_line": 1}}, "classes": {"": {"executed_lines": [15, 17, 18, 19, 20, 22, 23, 25, 26, 29, 61, 70, 72, 75, 96, 97, 98, 99, 100, 101, 102, 105], "summary": {"covered_lines": 22, "num_statements": 41, "percent_covered": 53.65853658536585, "percent_covered_display": "54", "missing_lines": 19, "excluded_lines": 0, "percent_statements_covered": 53.65853658536585, "percent_statements_covered_display": "54"}, "missing_lines": [71, 106, 107, 108, 109, 110, 111, 112, 114, 115, 116, 118, 119, 121, 122, 124, 125, 126, 127], "excluded_lines": [], "start_line": 1}}}, "source_reconstruction/finalize_inverse.py": {"executed_lines": [17, 19, 20, 21, 23, 25, 28, 35, 110], "summary": {"covered_lines": 9, "num_statements": 44, "percent_covered": 20.454545454545453, "percent_covered_display": "20", "missing_lines": 35, "excluded_lines": 0, "percent_statements_covered": 20.454545454545453, "percent_statements_covered_display": "20"}, "missing_lines": [30, 31, 32, 75, 76, 77, 79, 80, 83, 84, 86, 87, 89, 90, 91, 93, 94, 96, 97, 98, 99, 100, 101, 107, 111, 112, 113, 114, 115, 121, 124, 130, 131, 132, 133], "excluded_lines": [], "functions": {"_validate_identifier": {"executed_lines": [], "summary": {"covered_lines": 0, "num_statements": 3, "percent_covered": 0.0, "percent_covered_display": "0", "missing_lines": 3, "excluded_lines": 0, "percent_statements_covered": 0.0, "percent_statements_covered_display": "0"}, "missing_lines": [30, 31, 32], "excluded_lines": [], "start_line": 28}, "finalize": {"executed_lines": [], "summary": {"covered_lines": 0, "num_statements": 21, "percent_covered": 0.0, "percent_covered_display": "0", "missing_lines": 21, "excluded_lines": 0, "percent_statements_covered": 0.0, "percent_statements_covered_display": "0"}, "missing_lines": [75, 76, 77, 79, 80, 83, 84, 86, 87, 89, 90, 91, 93, 94, 96, 97, 98, 99, 100, 101, 107], "excluded_lines": [], "start_line": 35}, "": {"executed_lines": [17, 19, 20, 21, 23, 25, 28, 35, 110], "summary": {"covered_lines": 9, "num_statements": 20, "percent_covered": 45.0, "percent_covered_display": "45", "missing_lines": 11, "excluded_lines": 0, "percent_statements_covered": 45.0, "percent_statements_covered_display": "45"}, "missing_lines": [111, 112, 113, 114, 115, 121, 124, 130, 131, 132, 133], "excluded_lines": [], "start_line": 1}}, "classes": {"": {"executed_lines": [17, 19, 20, 21, 23, 25, 28, 35, 110], "summary": {"covered_lines": 9, "num_statements": 44, "percent_covered": 20.454545454545453, "percent_covered_display": "20", "missing_lines": 35, "excluded_lines": 0, "percent_statements_covered": 20.454545454545453, "percent_statements_covered_display": "20"}, "missing_lines": [30, 31, 32, 75, 76, 77, 79, 80, 83, 84, 86, 87, 89, 90, 91, 93, 94, 96, 97, 98, 99, 100, 101, 107, 111, 112, 113, 114, 115, 121, 124, 130, 131, 132, 133], "excluded_lines": [], "start_line": 1}}}}, "totals": {"covered_lines": 717, "num_statements": 1271, "percent_covered": 56.41227380015736, "percent_covered_display": "56", "missing_lines": 554, "excluded_lines": 7, "percent_statements_covered": 56.41227380015736, "percent_statements_covered_display": "56"}}